Build started 12/3/2015 11:28:05 PM.
     1>Project "C:\Users\Al Hamzah\Source\Repos\120315-ComCal2\ComCal_v0.1\ComCal_v0.1.vcxproj" on node 2 (Build target(s)).
     1>ClCompile:
         C:\Program Files (x86)\Microsoft Visual Studio 12.0\VC\bin\CL.exe /c /AI"C:\Program Files (x86)\Reference Assemblies\Microsoft\Framework\.NETFramework\v4.5.1\\" /AI"C:\Program Files (x86)\Windows Kits\8.1\References\CommonConfiguration\Neutral" /AI"C:\Program Files (x86)\Reference Assemblies\Microsoft\Framework\.NETFramework\v4.5.1\Facades\\" /Zi /clr /nologo /W3 /WX- /Od /Oy- /D WIN32 /D _DEBUG /D _UNICODE /D UNICODE /EHa /MDd /GS /fp:precise /Zc:wchar_t /Zc:forScope /Fo"Debug\\" /Fd"Debug\vc120.pdb" /TP /FU"C:\Program Files (x86)\Reference Assemblies\Microsoft\Framework\.NETFramework\v4.5.1\mscorlib.dll" /FU"C:\Program Files (x86)\Reference Assemblies\Microsoft\Framework\.NETFramework\v4.5.1\System.Data.dll" /FU"C:\Program Files (x86)\Reference Assemblies\Microsoft\Framework\.NETFramework\v4.5.1\System.dll" /FU"C:\Program Files (x86)\Reference Assemblies\Microsoft\Framework\.NETFramework\v4.5.1\System.Drawing.dll" /FU"C:\Program Files (x86)\Reference Assemblies\Microsoft\Framework\.NETFramework\v4.5.1\System.Windows.Forms.dll" /FU"C:\Program Files (x86)\Reference Assemblies\Microsoft\Framework\.NETFramework\v4.5.1\System.Xml.dll" /analyze- /errorReport:prompt /clr:nostdlib ComCalManager.cpp Main.cpp MonthForm.cpp
         ComCalManager.cpp
         Main.cpp
         MonthForm.cpp
         Generating Code...
       Link:
         C:\Program Files (x86)\Microsoft Visual Studio 12.0\VC\bin\link.exe /ERRORREPORT:PROMPT /OUT:"C:\Users\Al Hamzah\Source\Repos\120315-ComCal2\Debug\ComCal_v0.1.exe" /INCREMENTAL /NOLOGO kernel32.lib user32.lib gdi32.lib winspool.lib comdlg32.lib advapi32.lib shell32.lib ole32.lib oleaut32.lib uuid.lib odbc32.lib odbccp32.lib /ASSEMBLYRESOURCE:Debug\ComCal_v01.MonthForm.resources /MANIFEST /MANIFESTUAC:"level='asInvoker' uiAccess='false'" /manifest:embed /DEBUG /PDB:"C:\Users\Al Hamzah\Source\Repos\120315-ComCal2\Debug\ComCal_v0.1.pdb" /ASSEMBLYDEBUG /SUBSYSTEM:WINDOWS /TLBID:1 /ENTRY:"main" /DYNAMICBASE /FIXED:NO /NXCOMPAT /MACHINE:X86 Debug\comAndTask.obj
         Debug\ComCalManager.obj
         Debug\Date.obj
         Debug\Main.obj
         Debug\MonthForm.obj
         Debug\Task.obj
         Debug\TextStorage.obj
         Debug\timeDateInfo.obj
         Debug\typeConversions.obj
         "Debug\.NETFramework,Version=v4.5.1.AssemblyAttributes.obj"
         ComCal_v0.1.vcxproj -> C:\Users\Al Hamzah\Source\Repos\120315-ComCal2\Debug\ComCal_v0.1.exe
     1>Done Building Project "C:\Users\Al Hamzah\Source\Repos\120315-ComCal2\ComCal_v0.1\ComCal_v0.1.vcxproj" (Build target(s)).

Build succeeded.

Time Elapsed 00:00:12.14
